
Request: GET /produtos at Thu Jun 23 2022 14:29:22 GMT-0300, IP: ::1, User Agent: Mozilla/5.0 (X11; Linux x86_64) AppleWebKit/537.36 (KHTML, like Gecko) Chrome/102.0.0.0 Safari/537.36
Response Body:
Ol치, produtos!
Response: 304 4.083 ms 

Request: GET /produtos at Thu Jun 23 2022 14:29:23 GMT-0300, IP: ::1, User Agent: Mozilla/5.0 (X11; Linux x86_64) AppleWebKit/537.36 (KHTML, like Gecko) Chrome/102.0.0.0 Safari/537.36
Response Body:
Ol치, produtos!
Response: 304 0.734 ms 

Request: POST /produtos at Thu Jun 23 2022 14:29:26 GMT-0300, IP: ::1, User Agent: PostmanRuntime/7.29.0
Request Body:
{
	"testeLog": "TesteLog"
}
Response Body:
Ol치, produtos!
Response: 200 0.318 ms 

Request: POST /produtos at Thu Jun 23 2022 14:29:27 GMT-0300, IP: ::1, User Agent: PostmanRuntime/7.29.0
Request Body:
{
	"testeLog": "TesteLog"
}
Response Body:
Ol치, produtos!
Response: 200 0.296 ms 
